<?xml version="1.0" encoding="UTF-8"?>
<!-- Generated by org.testng.reporters.JUnitReportReporter -->
<testsuite hostname="LAPTOP-UDHCLDC6" failures="0" tests="10" name="easyMyTrip.Flights" time="10.489" errors="0" timestamp="2021-10-01T16:27:19 IST" skipped="0">
  <testcase classname="easyMyTrip.Flights" name="NavigateToFlights" time="1.174"/>
  <system-out/>
  <testcase classname="easyMyTrip.Flights" name="selectDepartureCity" time="0.610"/>
  <system-out/>
  <testcase classname="easyMyTrip.Flights" name="selectDestinationCity" time="0.598"/>
  <system-out/>
  <testcase classname="easyMyTrip.Flights" name="selectDates" time="0.232"/>
  <system-out/>
  <testcase classname="easyMyTrip.Flights" name="checkClassSelectionTest" time="0.311"/>
  <system-out/>
  <testcase classname="easyMyTrip.Flights" name="selectTravellers" time="1.619"/>
  <system-out/>
  <testcase classname="easyMyTrip.Flights" name="chooseFlightsTest" time="2.054"/>
  <system-out/>
  <testcase classname="easyMyTrip.Flights" name="verifyFlightDetails" time="2.712"/>
  <system-out/>
  <testcase classname="easyMyTrip.Flights" name="flightDetailsTest" time="0.596"/>
  <system-out/>
  <testcase classname="easyMyTrip.Flights" name="verifyContactEmail" time="0.583"/>
  <system-out/>
</testsuite> <!-- easyMyTrip.Flights -->
