<?xml version="1.0" encoding="UTF-8"?>
<!-- Generated by org.testng.reporters.JUnitReportReporter -->
<testsuite hostname="LAPTOP-UDHCLDC6" failures="0" tests="1" name="easyMyTrip.Registration" time="0.606" errors="0" timestamp="2021-10-01T10:38:01 IST" skipped="0">
  <testcase classname="easyMyTrip.Registration" name="test2" time="0.606"/>
  <system-out/>
</testsuite> <!-- easyMyTrip.Registration -->
