<?xml version="1.0" encoding="UTF-8"?>
<!-- Generated by org.testng.reporters.JUnitReportReporter -->
<testsuite hostname="LAPTOP-UDHCLDC6" failures="0" tests="1" name="easyMyTrip.Hotels" time="4.111" errors="0" timestamp="2021-09-29T15:34:59 IST" skipped="0">
  <testcase classname="easyMyTrip.Hotels" name="test" time="4.111"/>
  <system-out/>
</testsuite> <!-- easyMyTrip.Hotels -->
